mode: set
github.com/acceleraterA/go_app_udemy/cmd/web/main.go:22.13,24.16 2 0
github.com/acceleraterA/go_app_udemy/cmd/web/main.go:28.2,35.16 4 0
github.com/acceleraterA/go_app_udemy/cmd/web/main.go:24.16,26.3 1 0
github.com/acceleraterA/go_app_udemy/cmd/web/main.go:37.18,53.16 10 1
github.com/acceleraterA/go_app_udemy/cmd/web/main.go:57.2,63.12 6 1
github.com/acceleraterA/go_app_udemy/cmd/web/main.go:53.16,56.3 2 0
github.com/acceleraterA/go_app_udemy/cmd/web/middleware.go:19.45,28.2 3 1
github.com/acceleraterA/go_app_udemy/cmd/web/middleware.go:31.50,33.2 1 1
github.com/acceleraterA/go_app_udemy/cmd/web/routes.go:12.49,36.2 18 1
