mode: set
github.com/acceleraterA/go_app_udemy/internal/render/render.go:22.40,25.2 1 1
github.com/acceleraterA/go_app_udemy/internal/render/render.go:26.84,33.2 5 1
github.com/acceleraterA/go_app_udemy/internal/render/render.go:34.105,37.18 2 1
github.com/acceleraterA/go_app_udemy/internal/render/render.go:45.2,46.9 2 1
github.com/acceleraterA/go_app_udemy/internal/render/render.go:50.2,56.16 5 1
github.com/acceleraterA/go_app_udemy/internal/render/render.go:60.2,60.12 1 1
github.com/acceleraterA/go_app_udemy/internal/render/render.go:37.18,40.3 1 0
github.com/acceleraterA/go_app_udemy/internal/render/render.go:40.8,42.3 1 1
github.com/acceleraterA/go_app_udemy/internal/render/render.go:46.9,49.3 1 1
github.com/acceleraterA/go_app_udemy/internal/render/render.go:56.16,59.3 2 0
github.com/acceleraterA/go_app_udemy/internal/render/render.go:62.67,68.16 3 1
github.com/acceleraterA/go_app_udemy/internal/render/render.go:72.2,72.29 1 1
github.com/acceleraterA/go_app_udemy/internal/render/render.go:92.2,92.21 1 1
github.com/acceleraterA/go_app_udemy/internal/render/render.go:68.16,70.3 1 0
github.com/acceleraterA/go_app_udemy/internal/render/render.go:72.29,77.17 3 1
github.com/acceleraterA/go_app_udemy/internal/render/render.go:80.3,81.17 2 1
github.com/acceleraterA/go_app_udemy/internal/render/render.go:84.3,84.23 1 1
github.com/acceleraterA/go_app_udemy/internal/render/render.go:90.3,90.21 1 1
github.com/acceleraterA/go_app_udemy/internal/render/render.go:77.17,79.4 1 0
github.com/acceleraterA/go_app_udemy/internal/render/render.go:81.17,83.4 1 0
github.com/acceleraterA/go_app_udemy/internal/render/render.go:84.23,86.18 2 1
github.com/acceleraterA/go_app_udemy/internal/render/render.go:86.18,88.5 1 0
