mode: set
github.com/acceleraterA/go_app_udemy/internal/forms/errors.go:6.44,8.2 1 1
github.com/acceleraterA/go_app_udemy/internal/forms/errors.go:11.42,13.18 2 0
github.com/acceleraterA/go_app_udemy/internal/forms/errors.go:16.2,16.14 1 0
github.com/acceleraterA/go_app_udemy/internal/forms/errors.go:13.18,15.3 1 0
github.com/acceleraterA/go_app_udemy/internal/forms/forms.go:16.29,19.2 1 1
github.com/acceleraterA/go_app_udemy/internal/forms/forms.go:23.33,28.2 1 1
github.com/acceleraterA/go_app_udemy/internal/forms/forms.go:31.43,32.31 1 1
github.com/acceleraterA/go_app_udemy/internal/forms/forms.go:32.31,34.37 2 1
github.com/acceleraterA/go_app_udemy/internal/forms/forms.go:34.37,36.4 1 1
github.com/acceleraterA/go_app_udemy/internal/forms/forms.go:39.39,41.13 2 1
github.com/acceleraterA/go_app_udemy/internal/forms/forms.go:45.2,45.13 1 1
github.com/acceleraterA/go_app_udemy/internal/forms/forms.go:41.13,44.3 1 1
github.com/acceleraterA/go_app_udemy/internal/forms/forms.go:50.57,51.32 1 1
github.com/acceleraterA/go_app_udemy/internal/forms/forms.go:55.2,55.13 1 1
github.com/acceleraterA/go_app_udemy/internal/forms/forms.go:51.32,54.3 2 1
github.com/acceleraterA/go_app_udemy/internal/forms/forms.go:59.38,60.40 1 1
github.com/acceleraterA/go_app_udemy/internal/forms/forms.go:60.40,62.3 1 1
