mode: set
github.com/acceleraterA/go_app_udemy/internal/handlers/handlers.go:24.47,28.2 1 1
github.com/acceleraterA/go_app_udemy/internal/handlers/handlers.go:31.35,33.2 1 1
github.com/acceleraterA/go_app_udemy/internal/handlers/handlers.go:36.67,41.2 3 1
github.com/acceleraterA/go_app_udemy/internal/handlers/handlers.go:44.68,53.2 5 1
github.com/acceleraterA/go_app_udemy/internal/handlers/handlers.go:56.74,64.2 4 1
github.com/acceleraterA/go_app_udemy/internal/handlers/handlers.go:67.78,69.16 2 1
github.com/acceleraterA/go_app_udemy/internal/handlers/handlers.go:73.2,84.19 6 1
github.com/acceleraterA/go_app_udemy/internal/handlers/handlers.go:94.2,96.66 2 1
github.com/acceleraterA/go_app_udemy/internal/handlers/handlers.go:69.16,72.3 2 0
github.com/acceleraterA/go_app_udemy/internal/handlers/handlers.go:84.19,92.3 4 0
github.com/acceleraterA/go_app_udemy/internal/handlers/handlers.go:100.81,102.9 2 1
github.com/acceleraterA/go_app_udemy/internal/handlers/handlers.go:108.2,114.7 4 1
github.com/acceleraterA/go_app_udemy/internal/handlers/handlers.go:102.9,107.3 3 1
github.com/acceleraterA/go_app_udemy/internal/handlers/handlers.go:119.69,121.2 1 1
github.com/acceleraterA/go_app_udemy/internal/handlers/handlers.go:124.71,126.2 1 1
github.com/acceleraterA/go_app_udemy/internal/handlers/handlers.go:129.75,131.2 1 1
github.com/acceleraterA/go_app_udemy/internal/handlers/handlers.go:134.79,138.2 3 1
github.com/acceleraterA/go_app_udemy/internal/handlers/handlers.go:146.79,152.16 3 1
github.com/acceleraterA/go_app_udemy/internal/handlers/handlers.go:155.2,156.14 2 1
github.com/acceleraterA/go_app_udemy/internal/handlers/handlers.go:152.16,154.3 1 0
github.com/acceleraterA/go_app_udemy/internal/handlers/handlers.go:161.70,163.2 1 1
